#
# There is insufficient memory for the Java Runtime Environment to continue.
# Native memory allocation (malloc) failed to allocate 65552 bytes. Error detail: Chunk::new
# Possible reasons:
#   The system is out of physical RAM or swap space
#   This process is running with CompressedOops enabled, and the Java Heap may be blocking the growth of the native heap
# Possible solutions:
#   Reduce memory load on the system
#   Increase physical memory or swap space
#   Check if swap backing store is full
#   Decrease Java heap size (-Xmx/-Xms)
#   Decrease number of Java threads
#   Decrease Java thread stack sizes (-Xss)
#   Set larger code cache with -XX:ReservedCodeCacheSize=
#   JVM is running with Unscaled Compressed Oops mode in which the Java heap is
#     placed in the first 4GB address space. The Java Heap base address is the
#     maximum limit for the native heap growth. Please use -XX:HeapBaseMinAddress
#     to set the Java Heap base and to place the Java Heap above 4GB virtual address.
# This output file may be truncated or incomplete.
#
#  Out of Memory Error (arena.cpp:168), pid=23404, tid=7608
#
# JRE version: OpenJDK Runtime Environment Temurin-21.0.8+9 (21.0.8+9) (build 21.0.8+9-LTS)
# Java VM: OpenJDK 64-Bit Server VM Temurin-21.0.8+9 (21.0.8+9-LTS, mixed mode, sharing, tiered, compressed oops, compressed class ptrs, parallel gc, windows-amd64)
# No core dump will be written. Minidumps are not enabled by default on client versions of Windows
#

---------------  S U M M A R Y ------------

Command Line: --add-modules=ALL-SYSTEM --add-opens=java.base/java.util=ALL-UNNAMED --add-opens=java.base/java.lang=ALL-UNNAMED --add-opens=java.base/sun.nio.fs=ALL-UNNAMED -Declipse.application=org.eclipse.jdt.ls.core.id1 -Dosgi.bundles.defaultStartLevel=4 -Declipse.product=org.eclipse.jdt.ls.core.product -Djava.import.generatesMetadataFilesAtProjectRoot=false -DDetectVMInstallationsJob.disabled=true -Dfile.encoding=utf8 -XX:+UseParallelGC -XX:GCTimeRatio=4 -XX:AdaptiveSizePolicyWeight=90 -Dsun.zip.disableMemoryMapping=true -Xmx2G -Xms100m -Xlog:disable -javaagent:c:\Users\DELL\.vscode\extensions\redhat.java-1.45.0-win32-x64\lombok\lombok-1.18.39-4050.jar c:\Users\DELL\.vscode\extensions\redhat.java-1.45.0-win32-x64\server\plugins\org.eclipse.equinox.launcher_1.7.0.v20250519-0528.jar -configuration c:\Users\DELL\AppData\Roaming\Code\User\globalStorage\redhat.java\1.45.0\config_ss_win -data c:\Users\DELL\AppData\Roaming\Code\User\workspaceStorage\618d200d35aec88ff6277f0c402ca575\redhat.java\ss_ws --pipe=\\.\pipe\lsp-1d8849fa42be2736333f9b74c0183154-sock

Host: Intel(R) Core(TM) i5-6440HQ CPU @ 2.60GHz, 4 cores, 7G,  Windows 10 , 64 bit Build 19041 (10.0.19041.5915)
Time: Mon Sep 22 16:45:16 2025 India Standard Time elapsed time: 66.331479 seconds (0d 0h 1m 6s)

---------------  T H R E A D  ---------------

Current thread (0x000001f65e3c5e60):  JavaThread "C2 CompilerThread0" daemon [_thread_in_native, id=7608, stack(0x000000ca6e200000,0x000000ca6e300000) (1024K)]


Current CompileTask:
C2:66331 3379       4       jdk.internal.org.objectweb.asm.SymbolTable::addConstantUtf8Reference (101 bytes)

Stack: [0x000000ca6e200000,0x000000ca6e300000]
Native frames: (J=compiled Java code, j=interpreted, Vv=VM code, C=native code)
V  [jvm.dll+0x6d2449]
V  [jvm.dll+0x8ae341]
V  [jvm.dll+0x8b08be]
V  [jvm.dll+0x8b0fa3]
V  [jvm.dll+0x280c96]
V  [jvm.dll+0xc581d]
V  [jvm.dll+0xc5d53]
V  [jvm.dll+0xc5945]
V  [jvm.dll+0x6ad73c]
V  [jvm.dll+0x5f9c5f]
V  [jvm.dll+0x252092]
V  [jvm.dll+0x25244f]
V  [jvm.dll+0x24ad14]
V  [jvm.dll+0x2483a4]
V  [jvm.dll+0x1c89ee]
V  [jvm.dll+0x257d4d]
V  [jvm.dll+0x2562ea]
V  [jvm.dll+0x3f2d16]
V  [jvm.dll+0x857e6b]
V  [jvm.dll+0x6d0b0d]
C  [ucrtbase.dll+0x21bb2]
C  [KERNEL32.DLL+0x17374]
C  [ntdll.dll+0x4cc91]


---------------  P R O C E S S  ---------------

Threads class SMR info:
_java_thread_list=0x000001f67ace8220, length=30, elements={
0x000001f65e4d04b0, 0x000001f65e3bd5a0, 0x000001f65e3becf0, 0x000001f65e3bfc00,
0x000001f65e3c2a20, 0x000001f65e3c45e0, 0x000001f65e3c5030, 0x000001f65e3c5e60,
0x000001f65e43aeb0, 0x000001f675a85250, 0x000001f675ceeaa0, 0x000001f67a4e6fe0,
0x000001f675ad1830, 0x000001f67a24e6b0, 0x000001f67a058560, 0x000001f67a1f99d0,
0x000001f67a4115b0, 0x000001f675ade7d0, 0x000001f67a7ab020, 0x000001f67a6833f0,
0x000001f67a6826d0, 0x000001f67a684e30, 0x000001f67a682040, 0x000001f67a682d60,
0x000001f67a683a80, 0x000001f67a684110, 0x000001f67a6847a0, 0x000001f67a6854c0,
0x000001f67acf5070, 0x000001f67acf5700
}

Java Threads: ( => current thread )
  0x000001f65e4d04b0 JavaThread "main"                              [_thread_in_Java, id=22420, stack(0x000000ca6d800000,0x000000ca6d900000) (1024K)]
  0x000001f65e3bd5a0 JavaThread "Reference Handler"          daemon [_thread_blocked, id=19592, stack(0x000000ca6dc00000,0x000000ca6dd00000) (1024K)]
  0x000001f65e3becf0 JavaThread "Finalizer"                  daemon [_thread_blocked, id=21908, stack(0x000000ca6dd00000,0x000000ca6de00000) (1024K)]
  0x000001f65e3bfc00 JavaThread "Signal Dispatcher"          daemon [_thread_blocked, id=1308, stack(0x000000ca6de00000,0x000000ca6df00000) (1024K)]
  0x000001f65e3c2a20 JavaThread "Attach Listener"            daemon [_thread_blocked, id=21620, stack(0x000000ca6df00000,0x000000ca6e000000) (1024K)]
  0x000001f65e3c45e0 JavaThread "Service Thread"             daemon [_thread_blocked, id=21368, stack(0x000000ca6e000000,0x000000ca6e100000) (1024K)]
  0x000001f65e3c5030 JavaThread "Monitor Deflation Thread"   daemon [_thread_blocked, id=4900, stack(0x000000ca6e100000,0x000000ca6e200000) (1024K)]
=>0x000001f65e3c5e60 JavaThread "C2 CompilerThread0"         daemon [_thread_in_native, id=7608, stack(0x000000ca6e200000,0x000000ca6e300000) (1024K)]
  0x000001f65e43aeb0 JavaThread "C1 CompilerThread0"         daemon [_thread_blocked, id=22444, stack(0x000000ca6e300000,0x000000ca6e400000) (1024K)]
  0x000001f675a85250 JavaThread "Common-Cleaner"             daemon [_thread_blocked, id=17132, stack(0x000000ca6e400000,0x000000ca6e500000) (1024K)]
  0x000001f675ceeaa0 JavaThread "Notification Thread"        daemon [_thread_blocked, id=5980, stack(0x000000ca6e500000,0x000000ca6e600000) (1024K)]
  0x000001f67a4e6fe0 JavaThread "Active Thread: Equinox Container: 07770265-bac9-4866-b868-a1eb6d2dd40a"        [_thread_blocked, id=22496, stack(0x000000ca6e900000,0x000000ca6ea00000) (1024K)]
  0x000001f675ad1830 JavaThread "Framework Event Dispatcher: Equinox Container: 07770265-bac9-4866-b868-a1eb6d2dd40a" daemon [_thread_blocked, id=23592, stack(0x000000ca6ea00000,0x000000ca6eb00000) (1024K)]
  0x000001f67a24e6b0 JavaThread "Start Level: Equinox Container: 07770265-bac9-4866-b868-a1eb6d2dd40a" daemon [_thread_blocked, id=21180, stack(0x000000ca6eb00000,0x000000ca6ec00000) (1024K)]
  0x000001f67a058560 JavaThread "SCR Component Actor"        daemon [_thread_blocked, id=7272, stack(0x000000ca6ec00000,0x000000ca6ed00000) (1024K)]
  0x000001f67a1f99d0 JavaThread "Worker-JM"                         [_thread_blocked, id=20672, stack(0x000000ca6ee00000,0x000000ca6ef00000) (1024K)]
  0x000001f67a4115b0 JavaThread "JNA Cleaner"                daemon [_thread_blocked, id=18760, stack(0x000000ca6ed00000,0x000000ca6ee00000) (1024K)]
  0x000001f675ade7d0 JavaThread "Worker-0"                          [_thread_blocked, id=6124, stack(0x000000ca6ef00000,0x000000ca6f000000) (1024K)]
  0x000001f67a7ab020 JavaThread "Worker-1: Initialize After Load"        [_thread_blocked, id=9876, stack(0x000000ca6f000000,0x000000ca6f100000) (1024K)]
  0x000001f67a6833f0 JavaThread "Thread-3"                   daemon [_thread_in_native, id=14708, stack(0x000000ca6f300000,0x000000ca6f400000) (1024K)]
  0x000001f67a6826d0 JavaThread "Thread-4"                   daemon [_thread_in_native, id=11760, stack(0x000000ca6f400000,0x000000ca6f500000) (1024K)]
  0x000001f67a684e30 JavaThread "Thread-5"                   daemon [_thread_in_native, id=5876, stack(0x000000ca6f500000,0x000000ca6f600000) (1024K)]
  0x000001f67a682040 JavaThread "Thread-6"                   daemon [_thread_in_native, id=6500, stack(0x000000ca6f600000,0x000000ca6f700000) (1024K)]
  0x000001f67a682d60 JavaThread "Thread-7"                   daemon [_thread_in_native, id=17564, stack(0x000000ca6f700000,0x000000ca6f800000) (1024K)]
  0x000001f67a683a80 JavaThread "pool-2-thread-1"                   [_thread_blocked, id=24004, stack(0x000000ca6f800000,0x000000ca6f900000) (1024K)]
  0x000001f67a684110 JavaThread "Worker-2"                          [_thread_blocked, id=960, stack(0x000000ca6f900000,0x000000ca6fa00000) (1024K)]
  0x000001f67a6847a0 JavaThread "Process monitor for PID 23308" daemon [_thread_in_native, id=1684, stack(0x000000ca6fa00000,0x000000ca6fb00000) (1024K)]
  0x000001f67a6854c0 JavaThread "Output Stream Monitor for PID 23308" daemon [_thread_new, id=22648, stack(0x0000000000000000,0x0000000000000000) (0B)]
  0x000001f67acf5070 JavaThread "Error Stream Monitor for PID 23308" daemon [_thread_new, id=4344, stack(0x0000000000000000,0x0000000000000000) (0B)]
  0x000001f67acf5700 JavaThread "Input Stream Monitor for PID 23308" daemon [_thread_blocked, id=12368, stack(0x000000ca6fd00000,0x000000ca6fe00000) (1024K)]
Total: 30

Other Threads:
  0x000001f65e58f880 VMThread "VM Thread"                           [id=13884, stack(0x000000ca6db00000,0x000000ca6dc00000) (1024K)]
  0x000001f65e53aea0 WatcherThread "VM Periodic Task Thread"        [id=18160, stack(0x000000ca6da00000,0x000000ca6db00000) (1024K)]
  0x000001f65e4ef4d0 WorkerThread "GC Thread#0"                     [id=21712, stack(0x000000ca6d900000,0x000000ca6da00000) (1024K)]
  0x000001f67a12be40 WorkerThread "GC Thread#1"                     [id=6468, stack(0x000000ca6e600000,0x000000ca6e700000) (1024K)]
  0x000001f67a12c1e0 WorkerThread "GC Thread#2"                     [id=9248, stack(0x000000ca6e700000,0x000000ca6e800000) (1024K)]
  0x000001f675d8ca00 WorkerThread "GC Thread#3"                     [id=15644, stack(0x000000ca6e800000,0x000000ca6e900000) (1024K)]
Total: 6

Threads with active compile tasks:
C2 CompilerThread0  66455 3379       4       jdk.internal.org.objectweb.asm.SymbolTable::addConstantUtf8Reference (101 bytes)
Total: 1

VM state: not at safepoint (normal execution)

VM Mutex/Monitor currently owned by a thread: None

Heap address: 0x0000000080000000, size: 2048 MB, Compressed Oops mode: 32-bit

CDS archive(s) mapped at: [0x000001f600000000-0x000001f600ba0000-0x000001f600ba0000), size 12189696, SharedBaseAddress: 0x000001f600000000, ArchiveRelocationMode: 1.
Compressed class space mapped at: 0x000001f601000000-0x000001f641000000, reserved size: 1073741824
Narrow klass base: 0x000001f600000000, Narrow klass shift: 0, Narrow klass range: 0x100000000

GC Precious Log:
 CardTable entry size: 512
 CPUs: 4 total, 4 available
 Memory: 8073M
 Large Page Support: Disabled
 NUMA Support: Disabled
 Compressed Oops: Enabled (32-bit)
 Alignments: Space 512K, Generation 512K, Heap 2M
 Heap Min Capacity: 100M
 Heap Initial Capacity: 100M
 Heap Max Capacity: 2G
 Pre-touch: Disabled
 Parallel Workers: 4

Heap:
 PSYoungGen      total 26624K, used 13318K [0x00000000d5580000, 0x00000000d7700000, 0x0000000100000000)
  eden space 23040K, 42% used [0x00000000d5580000,0x00000000d5f07950,0x00000000d6c00000)
  from space 3584K, 99% used [0x00000000d7100000,0x00000000d7479ef0,0x00000000d7480000)
  to   space 5120K, 0% used [0x00000000d6c00000,0x00000000d6c00000,0x00000000d7100000)
 ParOldGen       total 68608K, used 9586K [0x0000000080000000, 0x0000000084300000, 0x00000000d5580000)
  object space 68608K, 13% used [0x0000000080000000,0x000000008095ca80,0x0000000084300000)
 Metaspace       used 28083K, committed 28928K, reserved 1114112K
  class space    used 2812K, committed 3200K, reserved 1048576K

Card table byte_map: [0x000001f65de80000,0x000001f65e290000] _byte_map_base: 0x000001f65da80000

Marking Bits: (ParMarkBitMap*) 0x00007ffcc70ca340
 Begin Bits: [0x000001f670980000, 0x000001f672980000)
 End Bits:   [0x000001f672980000, 0x000001f674980000)

Polling page: 0x000001f65c390000

Metaspace:

Usage:
  Non-class:     24.68 MB used.
      Class:      2.75 MB used.
       Both:     27.43 MB used.

Virtual space:
  Non-class space:       64.00 MB reserved,      25.12 MB ( 39%) committed,  1 nodes.
      Class space:        1.00 GB reserved,       3.12 MB ( <1%) committed,  1 nodes.
             Both:        1.06 GB reserved,      28.25 MB (  3%) committed. 

Chunk freelists:
   Non-Class:  6.79 MB
       Class:  12.92 MB
        Both:  19.72 MB

MaxMetaspaceSize: unlimited
CompressedClassSpaceSize: 1.00 GB
Initial GC threshold: 21.00 MB
Current GC threshold: 35.00 MB
CDS: on
 - commit_granule_bytes: 65536.
 - commit_granule_words: 8192.
 - virtual_space_node_default_size: 8388608.
 - enlarge_chunks_in_place: 1.
 - use_allocation_guard: 0.


Internal statistics:

num_allocs_failed_limit: 3.
num_arena_births: 550.
num_arena_deaths: 14.
num_vsnodes_births: 2.
num_vsnodes_deaths: 0.
num_space_committed: 452.
num_space_uncommitted: 0.
num_chunks_returned_to_freelist: 17.
num_chunks_taken_from_freelist: 1628.
num_chunk_merges: 8.
num_chunk_splits: 1056.
num_chunks_enlarged: 692.
num_inconsistent_stats: 0.

CodeHeap 'non-profiled nmethods': size=120000Kb used=1557Kb max_used=1557Kb free=118442Kb
 bounds [0x000001f6691a0000, 0x000001f669410000, 0x000001f6706d0000]
CodeHeap 'profiled nmethods': size=120000Kb used=6638Kb max_used=6638Kb free=113361Kb
 bounds [0x000001f6616d0000, 0x000001f661d50000, 0x000001f668c00000]
CodeHeap 'non-nmethods': size=5760Kb used=1336Kb max_used=1376Kb free=4423Kb
 bounds [0x000001f668c00000, 0x000001f668e70000, 0x000001f6691a0000]
CodeCache: size=245760Kb, used=9531Kb, max_used=9571Kb, free=236226Kb
 total_blobs=3998, nmethods=3369, adapters=535, full_count=0
Compilation: enabled, stopped_count=0, restarted_count=0

Compilation events (20 events):
Event: 66.267 Thread 0x000001f65e43aeb0 nmethod 3369 0x000001f661d46890 code [0x000001f661d46a40, 0x000001f661d46ba8]
Event: 66.267 Thread 0x000001f65e43aeb0 3370       3       sun.reflect.generics.parser.SignatureParser::init (16 bytes)
Event: 66.267 Thread 0x000001f65e43aeb0 nmethod 3370 0x000001f661d46c90 code [0x000001f661d46e20, 0x000001f661d46f58]
Event: 66.267 Thread 0x000001f65e3c5e60 3371       4       sun.reflect.generics.parser.SignatureParser::skipIdentifier (67 bytes)
Event: 66.267 Thread 0x000001f65e43aeb0 3372       3       java.util.Spliterators$ArraySpliterator::estimateSize (27 bytes)
Event: 66.268 Thread 0x000001f65e43aeb0 nmethod 3372 0x000001f661d47010 code [0x000001f661d471c0, 0x000001f661d47350]
Event: 66.268 Thread 0x000001f65e43aeb0 3373       1       java.util.stream.Node::getChildCount (2 bytes)
Event: 66.268 Thread 0x000001f65e43aeb0 nmethod 3373 0x000001f669324710 code [0x000001f6693248a0, 0x000001f669324968]
Event: 66.279 Thread 0x000001f65e43aeb0 3375       3       sun.reflect.generics.parser.SignatureParser::parseTypeSignature (130 bytes)
Event: 66.280 Thread 0x000001f65e43aeb0 nmethod 3375 0x000001f661d47410 code [0x000001f661d47600, 0x000001f661d47a60]
Event: 66.280 Thread 0x000001f65e43aeb0 3376       3       sun.reflect.generics.parser.SignatureParser::parseTypeArgument (135 bytes)
Event: 66.283 Thread 0x000001f65e43aeb0 nmethod 3376 0x000001f661d47b90 code [0x000001f661d47ea0, 0x000001f661d492f8]
Event: 66.283 Thread 0x000001f65e43aeb0 3377   !   3       java.lang.reflect.Executable::parameterData (75 bytes)
Event: 66.284 Thread 0x000001f65e3c5e60 nmethod 3371 0x000001f669324e10 code [0x000001f669324fe0, 0x000001f6693253b0]
Event: 66.284 Thread 0x000001f65e3c5e60 3379       4       jdk.internal.org.objectweb.asm.SymbolTable::addConstantUtf8Reference (101 bytes)
Event: 66.285 Thread 0x000001f65e43aeb0 nmethod 3377 0x000001f661d49890 code [0x000001f661d49ac0, 0x000001f661d4a150]
Event: 66.285 Thread 0x000001f65e43aeb0 3380       3       org.eclipse.lsp4j.jsonrpc.services.AnnotationUtil::isDelegateMethod (59 bytes)
Event: 66.288 Thread 0x000001f65e43aeb0 nmethod 3380 0x000001f661d4a390 code [0x000001f661d4a640, 0x000001f661d4b2a0]
Event: 66.288 Thread 0x000001f65e43aeb0 3378       3       java.lang.reflect.Method::hasGenericInformation (13 bytes)
Event: 66.288 Thread 0x000001f65e43aeb0 nmethod 3378 0x000001f661d4b690 code [0x000001f661d4b840, 0x000001f661d4b9b8]

GC Heap History (18 events):
Event: 8.787 GC heap before
{Heap before GC invocations=1 (full 0):
 PSYoungGen      total 29696K, used 25600K [0x00000000d5580000, 0x00000000d7680000, 0x0000000100000000)
  eden space 25600K, 100% used [0x00000000d5580000,0x00000000d6e80000,0x00000000d6e80000)
  from space 4096K, 0% used [0x00000000d7280000,0x00000000d7280000,0x00000000d7680000)
  to   space 4096K, 0% used [0x00000000d6e80000,0x00000000d6e80000,0x00000000d7280000)
 ParOldGen       total 68608K, used 0K [0x0000000080000000, 0x0000000084300000, 0x00000000d5580000)
  object space 68608K, 0% used [0x0000000080000000,0x0000000080000000,0x0000000084300000)
 Metaspace       used 4329K, committed 4608K, reserved 1114112K
  class space    used 472K, committed 576K, reserved 1048576K
}
Event: 8.929 GC heap after
{Heap after GC invocations=1 (full 0):
 PSYoungGen      total 29696K, used 3335K [0x00000000d5580000, 0x00000000d7680000, 0x0000000100000000)
  eden space 25600K, 0% used [0x00000000d5580000,0x00000000d5580000,0x00000000d6e80000)
  from space 4096K, 81% used [0x00000000d6e80000,0x00000000d71c1e18,0x00000000d7280000)
  to   space 4096K, 0% used [0x00000000d7280000,0x00000000d7280000,0x00000000d7680000)
 ParOldGen       total 68608K, used 0K [0x0000000080000000, 0x0000000084300000, 0x00000000d5580000)
  object space 68608K, 0% used [0x0000000080000000,0x0000000080000000,0x0000000084300000)
 Metaspace       used 4329K, committed 4608K, reserved 1114112K
  class space    used 472K, committed 576K, reserved 1048576K
}
Event: 16.964 GC heap before
{Heap before GC invocations=2 (full 0):
 PSYoungGen      total 29696K, used 28935K [0x00000000d5580000, 0x00000000d7680000, 0x0000000100000000)
  eden space 25600K, 100% used [0x00000000d5580000,0x00000000d6e80000,0x00000000d6e80000)
  from space 4096K, 81% used [0x00000000d6e80000,0x00000000d71c1e18,0x00000000d7280000)
  to   space 4096K, 0% used [0x00000000d7280000,0x00000000d7280000,0x00000000d7680000)
 ParOldGen       total 68608K, used 0K [0x0000000080000000, 0x0000000084300000, 0x00000000d5580000)
  object space 68608K, 0% used [0x0000000080000000,0x0000000080000000,0x0000000084300000)
 Metaspace       used 8149K, committed 8448K, reserved 1114112K
  class space    used 869K, committed 1024K, reserved 1048576K
}
Event: 16.976 GC heap after
{Heap after GC invocations=2 (full 0):
 PSYoungGen      total 29696K, used 4085K [0x00000000d5580000, 0x00000000d7680000, 0x0000000100000000)
  eden space 25600K, 0% used [0x00000000d5580000,0x00000000d5580000,0x00000000d6e80000)
  from space 4096K, 99% used [0x00000000d7280000,0x00000000d767d790,0x00000000d7680000)
  to   space 4096K, 0% used [0x00000000d6e80000,0x00000000d6e80000,0x00000000d7280000)
 ParOldGen       total 68608K, used 909K [0x0000000080000000, 0x0000000084300000, 0x00000000d5580000)
  object space 68608K, 1% used [0x0000000080000000,0x00000000800e36a8,0x0000000084300000)
 Metaspace       used 8149K, committed 8448K, reserved 1114112K
  class space    used 869K, committed 1024K, reserved 1048576K
}
Event: 23.198 GC heap before
{Heap before GC invocations=3 (full 0):
 PSYoungGen      total 29696K, used 29685K [0x00000000d5580000, 0x00000000d7680000, 0x0000000100000000)
  eden space 25600K, 100% used [0x00000000d5580000,0x00000000d6e80000,0x00000000d6e80000)
  from space 4096K, 99% used [0x00000000d7280000,0x00000000d767d790,0x00000000d7680000)
  to   space 4096K, 0% used [0x00000000d6e80000,0x00000000d6e80000,0x00000000d7280000)
 ParOldGen       total 68608K, used 909K [0x0000000080000000, 0x0000000084300000, 0x00000000d5580000)
  object space 68608K, 1% used [0x0000000080000000,0x00000000800e36a8,0x0000000084300000)
 Metaspace       used 13004K, committed 13504K, reserved 1114112K
  class space    used 1373K, committed 1600K, reserved 1048576K
}
Event: 23.213 GC heap after
{Heap after GC invocations=3 (full 0):
 PSYoungGen      total 29696K, used 4072K [0x00000000d5580000, 0x00000000d7680000, 0x0000000100000000)
  eden space 25600K, 0% used [0x00000000d5580000,0x00000000d5580000,0x00000000d6e80000)
  from space 4096K, 99% used [0x00000000d6e80000,0x00000000d727a358,0x00000000d7280000)
  to   space 4096K, 0% used [0x00000000d7280000,0x00000000d7280000,0x00000000d7680000)
 ParOldGen       total 68608K, used 2731K [0x0000000080000000, 0x0000000084300000, 0x00000000d5580000)
  object space 68608K, 3% used [0x0000000080000000,0x00000000802aaf08,0x0000000084300000)
 Metaspace       used 13004K, committed 13504K, reserved 1114112K
  class space    used 1373K, committed 1600K, reserved 1048576K
}
Event: 34.432 GC heap before
{Heap before GC invocations=4 (full 0):
 PSYoungGen      total 29696K, used 29657K [0x00000000d5580000, 0x00000000d7680000, 0x0000000100000000)
  eden space 25600K, 99% used [0x00000000d5580000,0x00000000d6e7c0c8,0x00000000d6e80000)
  from space 4096K, 99% used [0x00000000d6e80000,0x00000000d727a358,0x00000000d7280000)
  to   space 4096K, 0% used [0x00000000d7280000,0x00000000d7280000,0x00000000d7680000)
 ParOldGen       total 68608K, used 2731K [0x0000000080000000, 0x0000000084300000, 0x00000000d5580000)
  object space 68608K, 3% used [0x0000000080000000,0x00000000802aaf08,0x0000000084300000)
 Metaspace       used 17145K, committed 17856K, reserved 1114112K
  class space    used 1795K, committed 2112K, reserved 1048576K
}
Event: 34.447 GC heap after
{Heap after GC invocations=4 (full 0):
 PSYoungGen      total 29696K, used 4073K [0x00000000d5580000, 0x00000000d7680000, 0x0000000100000000)
  eden space 25600K, 0% used [0x00000000d5580000,0x00000000d5580000,0x00000000d6e80000)
  from space 4096K, 99% used [0x00000000d7280000,0x00000000d767a5b8,0x00000000d7680000)
  to   space 4096K, 0% used [0x00000000d6e80000,0x00000000d6e80000,0x00000000d7280000)
 ParOldGen       total 68608K, used 4353K [0x0000000080000000, 0x0000000084300000, 0x00000000d5580000)
  object space 68608K, 6% used [0x0000000080000000,0x00000000804404c8,0x0000000084300000)
 Metaspace       used 17145K, committed 17856K, reserved 1114112K
  class space    used 1795K, committed 2112K, reserved 1048576K
}
Event: 36.946 GC heap before
{Heap before GC invocations=5 (full 0):
 PSYoungGen      total 29696K, used 29673K [0x00000000d5580000, 0x00000000d7680000, 0x0000000100000000)
  eden space 25600K, 100% used [0x00000000d5580000,0x00000000d6e80000,0x00000000d6e80000)
  from space 4096K, 99% used [0x00000000d7280000,0x00000000d767a5b8,0x00000000d7680000)
  to   space 4096K, 0% used [0x00000000d6e80000,0x00000000d6e80000,0x00000000d7280000)
 ParOldGen       total 68608K, used 4353K [0x0000000080000000, 0x0000000084300000, 0x00000000d5580000)
  object space 68608K, 6% used [0x0000000080000000,0x00000000804404c8,0x0000000084300000)
 Metaspace       used 20373K, committed 21056K, reserved 1114112K
  class space    used 2018K, committed 2304K, reserved 1048576K
}
Event: 36.957 GC heap after
{Heap after GC invocations=5 (full 0):
 PSYoungGen      total 29184K, used 4075K [0x00000000d5580000, 0x00000000d7800000, 0x0000000100000000)
  eden space 25088K, 0% used [0x00000000d5580000,0x00000000d5580000,0x00000000d6e00000)
  from space 4096K, 99% used [0x00000000d6e80000,0x00000000d727ac68,0x00000000d7280000)
  to   space 5120K, 0% used [0x00000000d7300000,0x00000000d7300000,0x00000000d7800000)
 ParOldGen       total 68608K, used 4483K [0x0000000080000000, 0x0000000084300000, 0x00000000d5580000)
  object space 68608K, 6% used [0x0000000080000000,0x0000000080460d58,0x0000000084300000)
 Metaspace       used 20373K, committed 21056K, reserved 1114112K
  class space    used 2018K, committed 2304K, reserved 1048576K
}
Event: 37.265 GC heap before
{Heap before GC invocations=6 (full 0):
 PSYoungGen      total 29184K, used 9317K [0x00000000d5580000, 0x00000000d7800000, 0x0000000100000000)
  eden space 25088K, 20% used [0x00000000d5580000,0x00000000d5a9e880,0x00000000d6e00000)
  from space 4096K, 99% used [0x00000000d6e80000,0x00000000d727ac68,0x00000000d7280000)
  to   space 5120K, 0% used [0x00000000d7300000,0x00000000d7300000,0x00000000d7800000)
 ParOldGen       total 68608K, used 4483K [0x0000000080000000, 0x0000000084300000, 0x00000000d5580000)
  object space 68608K, 6% used [0x0000000080000000,0x0000000080460d58,0x0000000084300000)
 Metaspace       used 20841K, committed 21504K, reserved 1114112K
  class space    used 2039K, committed 2368K, reserved 1048576K
}
Event: 37.279 GC heap after
{Heap after GC invocations=6 (full 0):
 PSYoungGen      total 29696K, used 4413K [0x00000000d5580000, 0x00000000d7780000, 0x0000000100000000)
  eden space 25088K, 0% used [0x00000000d5580000,0x00000000d5580000,0x00000000d6e00000)
  from space 4608K, 95% used [0x00000000d7300000,0x00000000d774f7b8,0x00000000d7780000)
  to   space 4608K, 0% used [0x00000000d6e80000,0x00000000d6e80000,0x00000000d7300000)
 ParOldGen       total 68608K, used 4483K [0x0000000080000000, 0x0000000084300000, 0x00000000d5580000)
  object space 68608K, 6% used [0x0000000080000000,0x0000000080460d58,0x0000000084300000)
 Metaspace       used 20841K, committed 21504K, reserved 1114112K
  class space    used 2039K, committed 2368K, reserved 1048576K
}
Event: 37.279 GC heap before
{Heap before GC invocations=7 (full 1):
 PSYoungGen      total 29696K, used 4413K [0x00000000d5580000, 0x00000000d7780000, 0x0000000100000000)
  eden space 25088K, 0% used [0x00000000d5580000,0x00000000d5580000,0x00000000d6e00000)
  from space 4608K, 95% used [0x00000000d7300000,0x00000000d774f7b8,0x00000000d7780000)
  to   space 4608K, 0% used [0x00000000d6e80000,0x00000000d6e80000,0x00000000d7300000)
 ParOldGen       total 68608K, used 4483K [0x0000000080000000, 0x0000000084300000, 0x00000000d5580000)
  object space 68608K, 6% used [0x0000000080000000,0x0000000080460d58,0x0000000084300000)
 Metaspace       used 20841K, committed 21504K, reserved 1114112K
  class space    used 2039K, committed 2368K, reserved 1048576K
}
Event: 37.376 GC heap after
{Heap after GC invocations=7 (full 1):
 PSYoungGen      total 29696K, used 0K [0x00000000d5580000, 0x00000000d7780000, 0x0000000100000000)
  eden space 25088K, 0% used [0x00000000d5580000,0x00000000d5580000,0x00000000d6e00000)
  from space 4608K, 0% used [0x00000000d7300000,0x00000000d7300000,0x00000000d7780000)
  to   space 4608K, 0% used [0x00000000d6e80000,0x00000000d6e80000,0x00000000d7300000)
 ParOldGen       total 68608K, used 8614K [0x0000000080000000, 0x0000000084300000, 0x00000000d5580000)
  object space 68608K, 12% used [0x0000000080000000,0x00000000808699e0,0x0000000084300000)
 Metaspace       used 20828K, committed 21504K, reserved 1114112K
  class space    used 2036K, committed 2368K, reserved 1048576K
}
Event: 47.715 GC heap before
{Heap before GC invocations=8 (full 1):
 PSYoungGen      total 29696K, used 25088K [0x00000000d5580000, 0x00000000d7780000, 0x0000000100000000)
  eden space 25088K, 100% used [0x00000000d5580000,0x00000000d6e00000,0x00000000d6e00000)
  from space 4608K, 0% used [0x00000000d7300000,0x00000000d7300000,0x00000000d7780000)
  to   space 4608K, 0% used [0x00000000d6e80000,0x00000000d6e80000,0x00000000d7300000)
 ParOldGen       total 68608K, used 8614K [0x0000000080000000, 0x0000000084300000, 0x00000000d5580000)
  object space 68608K, 12% used [0x0000000080000000,0x00000000808699e0,0x0000000084300000)
 Metaspace       used 22955K, committed 23680K, reserved 1114112K
  class space    used 2221K, committed 2560K, reserved 1048576K
}
Event: 47.721 GC heap after
{Heap after GC invocations=8 (full 1):
 PSYoungGen      total 27136K, used 2291K [0x00000000d5580000, 0x00000000d7480000, 0x0000000100000000)
  eden space 24576K, 0% used [0x00000000d5580000,0x00000000d5580000,0x00000000d6d80000)
  from space 2560K, 89% used [0x00000000d6e80000,0x00000000d70bccf0,0x00000000d7100000)
  to   space 3584K, 0% used [0x00000000d7100000,0x00000000d7100000,0x00000000d7480000)
 ParOldGen       total 68608K, used 8622K [0x0000000080000000, 0x0000000084300000, 0x00000000d5580000)
  object space 68608K, 12% used [0x0000000080000000,0x000000008086b9e0,0x0000000084300000)
 Metaspace       used 22955K, committed 23680K, reserved 1114112K
  class space    used 2221K, committed 2560K, reserved 1048576K
}
Event: 54.050 GC heap before
{Heap before GC invocations=9 (full 1):
 PSYoungGen      total 27136K, used 26867K [0x00000000d5580000, 0x00000000d7480000, 0x0000000100000000)
  eden space 24576K, 100% used [0x00000000d5580000,0x00000000d6d80000,0x00000000d6d80000)
  from space 2560K, 89% used [0x00000000d6e80000,0x00000000d70bccf0,0x00000000d7100000)
  to   space 3584K, 0% used [0x00000000d7100000,0x00000000d7100000,0x00000000d7480000)
 ParOldGen       total 68608K, used 8622K [0x0000000080000000, 0x0000000084300000, 0x00000000d5580000)
  object space 68608K, 12% used [0x0000000080000000,0x000000008086b9e0,0x0000000084300000)
 Metaspace       used 26615K, committed 27456K, reserved 1114112K
  class space    used 2627K, committed 3008K, reserved 1048576K
}
Event: 54.060 GC heap after
{Heap after GC invocations=9 (full 1):
 PSYoungGen      total 26624K, used 3559K [0x00000000d5580000, 0x00000000d7700000, 0x0000000100000000)
  eden space 23040K, 0% used [0x00000000d5580000,0x00000000d5580000,0x00000000d6c00000)
  from space 3584K, 99% used [0x00000000d7100000,0x00000000d7479ef0,0x00000000d7480000)
  to   space 5120K, 0% used [0x00000000d6c00000,0x00000000d6c00000,0x00000000d7100000)
 ParOldGen       total 68608K, used 9586K [0x0000000080000000, 0x0000000084300000, 0x00000000d5580000)
  object space 68608K, 13% used [0x0000000080000000,0x000000008095ca80,0x0000000084300000)
 Metaspace       used 26615K, committed 27456K, reserved 1114112K
  class space    used 2627K, committed 3008K, reserved 1048576K
}

Dll operation events (10 events):
Event: 0.052 Loaded shared library c:\Users\DELL\.vscode\extensions\redhat.java-1.45.0-win32-x64\jre\21.0.8-win32-x86_64\bin\java.dll
Event: 1.253 Loaded shared library c:\Users\DELL\.vscode\extensions\redhat.java-1.45.0-win32-x64\jre\21.0.8-win32-x86_64\bin\zip.dll
Event: 1.586 Loaded shared library C:\Users\DELL\.vscode\extensions\redhat.java-1.45.0-win32-x64\jre\21.0.8-win32-x86_64\bin\instrument.dll
Event: 1.605 Loaded shared library C:\Users\DELL\.vscode\extensions\redhat.java-1.45.0-win32-x64\jre\21.0.8-win32-x86_64\bin\net.dll
Event: 1.779 Loaded shared library C:\Users\DELL\.vscode\extensions\redhat.java-1.45.0-win32-x64\jre\21.0.8-win32-x86_64\bin\nio.dll
Event: 1.793 Loaded shared library C:\Users\DELL\.vscode\extensions\redhat.java-1.45.0-win32-x64\jre\21.0.8-win32-x86_64\bin\zip.dll
Event: 2.060 Loaded shared library C:\Users\DELL\.vscode\extensions\redhat.java-1.45.0-win32-x64\jre\21.0.8-win32-x86_64\bin\jimage.dll
Event: 3.281 Loaded shared library c:\Users\DELL\.vscode\extensions\redhat.java-1.45.0-win32-x64\jre\21.0.8-win32-x86_64\bin\verify.dll
Event: 16.681 Loaded shared library C:\Users\DELL\AppData\Roaming\Code\User\globalStorage\redhat.java\1.45.0\config_ss_win\org.eclipse.equinox.launcher\org.eclipse.equinox.launcher.win32.win32.x86_64_1.2.1400.v20250801-0854\eclipse_11916.dll
Event: 31.545 Loaded shared library C:\Users\DELL\AppData\Local\Temp\jna-2094529\jna17617828606516675084.dll

Deoptimization events (20 events):
Event: 65.748 Thread 0x000001f67a7ab020 DEOPT PACKING pc=0x000001f66922fcb4 sp=0x000000ca6f0fe3c0
Event: 65.748 Thread 0x000001f67a7ab020 DEOPT UNPACKING pc=0x000001f668c53aa2 sp=0x000000ca6f0fe348 mode 2
Event: 65.760 Thread 0x000001f67a7ab020 Uncommon trap: trap_request=0xffffff6e fr.pc=0x000001f6692bc840 relative=0x00000000000001a0
Event: 65.760 Thread 0x000001f67a7ab020 Uncommon trap: reason=loop_limit_check action=maybe_recompile pc=0x000001f6692bc840 method=java.lang.StringLatin1.lastIndexOf([BII)I @ 19 c2
Event: 65.760 Thread 0x000001f67a7ab020 DEOPT PACKING pc=0x000001f6692bc840 sp=0x000000ca6f0fe310
Event: 65.760 Thread 0x000001f67a7ab020 DEOPT UNPACKING pc=0x000001f668c53aa2 sp=0x000000ca6f0fe238 mode 2
Event: 66.213 Thread 0x000001f65e4d04b0 DEOPT PACKING pc=0x000001f661d2c407 sp=0x000000ca6d8f8010
Event: 66.213 Thread 0x000001f65e4d04b0 DEOPT UNPACKING pc=0x000001f668c54242 sp=0x000000ca6d8f74a8 mode 0
Event: 66.284 Thread 0x000001f65e4d04b0 Uncommon trap: trap_request=0xffffffde fr.pc=0x000001f669298ff0 relative=0x0000000000000050
Event: 66.284 Thread 0x000001f65e4d04b0 Uncommon trap: reason=class_check action=maybe_recompile pc=0x000001f669298ff0 method=java.lang.invoke.DirectMethodHandle.internalMemberName(Ljava/lang/Object;)Ljava/lang/Object; @ 1 c2
Event: 66.284 Thread 0x000001f65e4d04b0 DEOPT PACKING pc=0x000001f669298ff0 sp=0x000000ca6d8fe4d0
Event: 66.284 Thread 0x000001f65e4d04b0 DEOPT UNPACKING pc=0x000001f668c53aa2 sp=0x000000ca6d8fe460 mode 2
Event: 66.284 Thread 0x000001f65e4d04b0 Uncommon trap: trap_request=0xffffffde fr.pc=0x000001f669298ff0 relative=0x0000000000000050
Event: 66.284 Thread 0x000001f65e4d04b0 Uncommon trap: reason=class_check action=maybe_recompile pc=0x000001f669298ff0 method=java.lang.invoke.DirectMethodHandle.internalMemberName(Ljava/lang/Object;)Ljava/lang/Object; @ 1 c2
Event: 66.284 Thread 0x000001f65e4d04b0 DEOPT PACKING pc=0x000001f669298ff0 sp=0x000000ca6d8fe4d0
Event: 66.284 Thread 0x000001f65e4d04b0 DEOPT UNPACKING pc=0x000001f668c53aa2 sp=0x000000ca6d8fe460 mode 2
Event: 66.285 Thread 0x000001f65e4d04b0 Uncommon trap: trap_request=0xffffffde fr.pc=0x000001f669298ff0 relative=0x0000000000000050
Event: 66.285 Thread 0x000001f65e4d04b0 Uncommon trap: reason=class_check action=maybe_recompile pc=0x000001f669298ff0 method=java.lang.invoke.DirectMethodHandle.internalMemberName(Ljava/lang/Object;)Ljava/lang/Object; @ 1 c2
Event: 66.285 Thread 0x000001f65e4d04b0 DEOPT PACKING pc=0x000001f669298ff0 sp=0x000000ca6d8fe4d0
Event: 66.285 Thread 0x000001f65e4d04b0 DEOPT UNPACKING pc=0x000001f668c53aa2 sp=0x000000ca6d8fe460 mode 2

Classes loaded (20 events):
Event: 65.559 Loading class java/math/BigDecimal
Event: 65.564 Loading class java/math/BigDecimal done
Event: 65.740 Loading class java/text/ParseException
Event: 65.740 Loading class java/text/ParseException done
Event: 65.751 Loading class java/io/PrintWriter$1
Event: 65.752 Loading class jdk/internal/access/JavaIOPrintWriterAccess
Event: 65.753 Loading class jdk/internal/access/JavaIOPrintWriterAccess done
Event: 65.753 Loading class java/io/PrintWriter$1 done
Event: 65.753 Loading class java/lang/Throwable$WrappedPrintWriter
Event: 65.753 Loading class java/lang/Throwable$PrintStreamOrWriter
Event: 65.754 Loading class java/lang/Throwable$PrintStreamOrWriter done
Event: 65.754 Loading class java/lang/Throwable$WrappedPrintWriter done
Event: 65.768 Loading class java/util/BitSet
Event: 65.772 Loading class java/util/BitSet done
Event: 66.031 Loading class java/util/concurrent/atomic/AtomicIntegerArray
Event: 66.032 Loading class java/util/concurrent/atomic/AtomicIntegerArray done
Event: 66.035 Loading class java/util/Currency
Event: 66.039 Loading class java/util/Currency done
Event: 66.048 Loading class java/util/concurrent/atomic/AtomicLongArray
Event: 66.049 Loading class java/util/concurrent/atomic/AtomicLongArray done

Classes unloaded (7 events):
Event: 37.297 Thread 0x000001f65e58f880 Unloading class 0x000001f60118c800 'java/lang/invoke/LambdaForm$MH+0x000001f60118c800'
Event: 37.297 Thread 0x000001f65e58f880 Unloading class 0x000001f60118c400 'java/lang/invoke/LambdaForm$MH+0x000001f60118c400'
Event: 37.297 Thread 0x000001f65e58f880 Unloading class 0x000001f60118c000 'java/lang/invoke/LambdaForm$MH+0x000001f60118c000'
Event: 37.297 Thread 0x000001f65e58f880 Unloading class 0x000001f60118bc00 'java/lang/invoke/LambdaForm$MH+0x000001f60118bc00'
Event: 37.297 Thread 0x000001f65e58f880 Unloading class 0x000001f60118b800 'java/lang/invoke/LambdaForm$BMH+0x000001f60118b800'
Event: 37.297 Thread 0x000001f65e58f880 Unloading class 0x000001f60118b400 'java/lang/invoke/LambdaForm$DMH+0x000001f60118b400'
Event: 37.297 Thread 0x000001f65e58f880 Unloading class 0x000001f60118a000 'java/lang/invoke/LambdaForm$DMH+0x000001f60118a000'

Classes redefined (0 events):
No events

Internal exceptions (20 events):
Event: 54.014 Thread 0x000001f67a7ab020 Exception <a 'sun/nio/fs/WindowsException'{0x00000000d6cf9c78}> (0x00000000d6cf9c78) 
thrown [s\src\hotspot\share\prims\jni.cpp, line 520]
Event: 54.016 Thread 0x000001f67a7ab020 Exception <a 'sun/nio/fs/WindowsException'{0x00000000d6cfabb8}> (0x00000000d6cfabb8) 
thrown [s\src\hotspot\share\prims\jni.cpp, line 520]
Event: 54.016 Thread 0x000001f67a7ab020 Exception <a 'sun/nio/fs/WindowsException'{0x00000000d6cfb458}> (0x00000000d6cfb458) 
thrown [s\src\hotspot\share\prims\jni.cpp, line 520]
Event: 54.213 Thread 0x000001f67a7ab020 Exception <a 'sun/nio/fs/WindowsException'{0x00000000d5667c60}> (0x00000000d5667c60) 
thrown [s\src\hotspot\share\prims\jni.cpp, line 520]
Event: 54.213 Thread 0x000001f67a7ab020 Exception <a 'sun/nio/fs/WindowsException'{0x00000000d56683a0}> (0x00000000d56683a0) 
thrown [s\src\hotspot\share\prims\jni.cpp, line 520]
Event: 54.214 Thread 0x000001f67a7ab020 Exception <a 'sun/nio/fs/WindowsException'{0x00000000d5668ac8}> (0x00000000d5668ac8) 
thrown [s\src\hotspot\share\prims\jni.cpp, line 520]
Event: 54.214 Thread 0x000001f67a7ab020 Exception <a 'sun/nio/fs/WindowsException'{0x00000000d5669218}> (0x00000000d5669218) 
thrown [s\src\hotspot\share\prims\jni.cpp, line 520]
Event: 54.301 Thread 0x000001f67a7ab020 Exception <a 'sun/nio/fs/WindowsException'{0x00000000d5669938}> (0x00000000d5669938) 
thrown [s\src\hotspot\share\prims\jni.cpp, line 520]
Event: 54.305 Thread 0x000001f67a7ab020 Exception <a 'sun/nio/fs/WindowsException'{0x00000000d566a078}> (0x00000000d566a078) 
thrown [s\src\hotspot\share\prims\jni.cpp, line 520]
Event: 54.306 Thread 0x000001f67a7ab020 Exception <a 'sun/nio/fs/WindowsException'{0x00000000d566ac68}> (0x00000000d566ac68) 
thrown [s\src\hotspot\share\prims\jni.cpp, line 520]
Event: 54.306 Thread 0x000001f67a7ab020 Exception <a 'sun/nio/fs/WindowsException'{0x00000000d566b3a8}> (0x00000000d566b3a8) 
thrown [s\src\hotspot\share\prims\jni.cpp, line 520]
Event: 54.306 Thread 0x000001f67a7ab020 Exception <a 'sun/nio/fs/WindowsException'{0x00000000d566bad0}> (0x00000000d566bad0) 
thrown [s\src\hotspot\share\prims\jni.cpp, line 520]
Event: 54.307 Thread 0x000001f67a7ab020 Exception <a 'sun/nio/fs/WindowsException'{0x00000000d566c220}> (0x00000000d566c220) 
thrown [s\src\hotspot\share\prims\jni.cpp, line 520]
Event: 54.307 Thread 0x000001f67a7ab020 Exception <a 'sun/nio/fs/WindowsException'{0x00000000d566c940}> (0x00000000d566c940) 
thrown [s\src\hotspot\share\prims\jni.cpp, line 520]
Event: 54.307 Thread 0x000001f67a7ab020 Exception <a 'sun/nio/fs/WindowsException'{0x00000000d566d080}> (0x00000000d566d080) 
thrown [s\src\hotspot\share\prims\jni.cpp, line 520]
Event: 54.308 Thread 0x000001f67a7ab020 Exception <a 'sun/nio/fs/WindowsException'{0x00000000d566dc88}> (0x00000000d566dc88) 
thrown [s\src\hotspot\share\prims\jni.cpp, line 520]
Event: 54.351 Thread 0x000001f67a7ab020 Exception <a 'java/lang/NoSuchMethodError'{0x00000000d56d2410}: 'void java.lang.invoke.DirectMethodHandle$Holder.invokeStatic(java.lang.Object, long)'> (0x00000000d56d2410) 
thrown [s\src\hotspot\share\interpreter\linkResolver.cpp, line 773]
Event: 65.542 Thread 0x000001f67a241270 Exception <a 'java/lang/InterruptedException'{0x00000000d5b84fa0}> (0x00000000d5b84fa0) 
thrown [s\src\hotspot\share\runtime\objectMonitor.cpp, line 1626]
Event: 66.281 Thread 0x000001f65e4d04b0 Exception <a 'java/lang/NoSuchMethodError'{0x00000000d5ef7800}: 'void java.lang.invoke.DirectMethodHandle$Holder.invokeSpecial(java.lang.Object, java.lang.Object, java.lang.Object, java.lang.Object, java.lang.Object, java.lang.Object)'> (0x00000000d5ef7800) 
thrown [s\src\hotspot\share\interpreter\linkResolver.cpp, line 773]
Event: 66.285 Thread 0x000001f65e4d04b0 Exception <a 'java/lang/IncompatibleClassChangeError'{0x00000000d5eff980}: Found class java.lang.Object, but interface was expected> (0x00000000d5eff980) 
thrown [s\src\hotspot\share\interpreter\linkResolver.cpp, line 840]

ZGC Phase Switch (0 events):
No events

VM Operations (20 events):
Event: 49.658 Executing VM operation: HandshakeAllThreads (Deoptimize)
Event: 49.658 Executing VM operation: HandshakeAllThreads (Deoptimize) done
Event: 49.866 Executing VM operation: HandshakeAllThreads (Deoptimize)
Event: 49.866 Executing VM operation: HandshakeAllThreads (Deoptimize) done
Event: 50.880 Executing VM operation: Cleanup
Event: 50.960 Executing VM operation: Cleanup done
Event: 51.605 Executing VM operation: HandshakeAllThreads (Deoptimize)
Event: 51.605 Executing VM operation: HandshakeAllThreads (Deoptimize) done
Event: 52.614 Executing VM operation: Cleanup
Event: 52.614 Executing VM operation: Cleanup done
Event: 53.628 Executing VM operation: Cleanup
Event: 53.739 Executing VM operation: Cleanup done
Event: 54.050 Executing VM operation: ParallelGCFailedAllocation (Allocation Failure)
Event: 54.060 Executing VM operation: ParallelGCFailedAllocation (Allocation Failure) done
Event: 55.066 Executing VM operation: Cleanup
Event: 65.533 Executing VM operation: Cleanup done
Event: 65.535 Executing VM operation: HandshakeAllThreads (HandshakeForDeflation)
Event: 65.549 Executing VM operation: HandshakeAllThreads (HandshakeForDeflation) done
Event: 65.551 Executing VM operation: RendezvousGCThreads
Event: 65.551 Executing VM operation: RendezvousGCThreads done

Memory protections (0 events):
No events

Nmethod flushes (0 events):
No events

Events (20 events):
Event: 53.132 Thread 0x000001f67b30fdb0 Thread exited: 0x000001f67b30fdb0
Event: 53.326 Thread 0x000001f65e4d04b0 Thread added: 0x000001f67a6833f0
Event: 53.327 Thread 0x000001f65e4d04b0 Thread added: 0x000001f67a6826d0
Event: 53.327 Thread 0x000001f65e4d04b0 Thread added: 0x000001f67a684e30
Event: 53.328 Thread 0x000001f65e4d04b0 Thread added: 0x000001f67a682040
Event: 53.328 Thread 0x000001f65e4d04b0 Thread added: 0x000001f67a682d60
Event: 53.591 Thread 0x000001f65e4d04b0 Thread added: 0x000001f67a683a80
Event: 54.370 Thread 0x000001f675ade7d0 Thread added: 0x000001f67a684110
Event: 54.384 Thread 0x000001f67a7ab020 Thread added: 0x000001f67a6847a0
Event: 54.392 Thread 0x000001f67a7ab020 Thread added: 0x000001f67a6854c0
Event: 54.397 Thread 0x000001f67a7ab020 Thread added: 0x000001f67a241900
Event: 54.398 Thread 0x000001f67a7ab020 Thread added: 0x000001f67a241270
Event: 65.534 Thread 0x000001f67a6854c0 Thread exited: 0x000001f67a6854c0
Event: 65.534 Thread 0x000001f67a241900 Thread exited: 0x000001f67a241900
Event: 65.538 Thread 0x000001f67a6847a0 Thread exited: 0x000001f67a6847a0
Event: 65.543 Thread 0x000001f67a241270 Thread exited: 0x000001f67a241270
Event: 65.767 Thread 0x000001f67a7ab020 Thread added: 0x000001f67a6847a0
Event: 65.767 Thread 0x000001f67a7ab020 Thread added: 0x000001f67a6854c0
Event: 65.767 Thread 0x000001f67a7ab020 Thread added: 0x000001f67acf5070
Event: 65.768 Thread 0x000001f67a7ab020 Thread added: 0x000001f67acf5700


Dynamic libraries:
0x00007ff700bc0000 - 0x00007ff700bce000 	c:\Users\DELL\.vscode\extensions\redhat.java-1.45.0-win32-x64\jre\21.0.8-win32-x86_64\bin\java.exe
0x00007ffd29ef0000 - 0x00007ffd2a0e8000 	C:\Windows\SYSTEM32\ntdll.dll
0x00007ffd29390000 - 0x00007ffd29452000 	C:\Windows\System32\KERNEL32.DLL
0x00007ffd276c0000 - 0x00007ffd279b6000 	C:\Windows\System32\KERNELBASE.dll
0x00007ffd27a60000 - 0x00007ffd27b60000 	C:\Windows\System32\ucrtbase.dll
0x00007ffd1fed0000 - 0x00007ffd1fee8000 	c:\Users\DELL\.vscode\extensions\redhat.java-1.45.0-win32-x64\jre\21.0.8-win32-x86_64\bin\jli.dll
0x00007ffd28780000 - 0x00007ffd2891d000 	C:\Windows\System32\USER32.dll
0x00007ffd27590000 - 0x00007ffd275b2000 	C:\Windows\System32\win32u.dll
0x00007ffd29460000 - 0x00007ffd2948b000 	C:\Windows\System32\GDI32.dll
0x00007ffd27e00000 - 0x00007ffd27f19000 	C:\Windows\System32\gdi32full.dll
0x00007ffd279c0000 - 0x00007ffd27a5d000 	C:\Windows\System32\msvcp_win.dll
0x00007ffd1f4c0000 - 0x00007ffd1f4de000 	c:\Users\DELL\.vscode\extensions\redhat.java-1.45.0-win32-x64\jre\21.0.8-win32-x86_64\bin\VCRUNTIME140.dll
0x00007ffd0e740000 - 0x00007ffd0e9db000 	C:\Windows\WinSxS\amd64_microsoft.windows.common-controls_6595b64144ccf1df_6.0.19041.6280_none_60bc30a171f2f3f3\COMCTL32.dll
0x00007ffd28ad0000 - 0x00007ffd28b6e000 	C:\Windows\System32\msvcrt.dll
0x00007ffd29a40000 - 0x00007ffd29a6f000 	C:\Windows\System32\IMM32.DLL
0x00007ffd24160000 - 0x00007ffd2416c000 	c:\Users\DELL\.vscode\extensions\redhat.java-1.45.0-win32-x64\jre\21.0.8-win32-x86_64\bin\vcruntime140_1.dll
0x00007ffd114a0000 - 0x00007ffd1152d000 	c:\Users\DELL\.vscode\extensions\redhat.java-1.45.0-win32-x64\jre\21.0.8-win32-x86_64\bin\msvcp140.dll
0x00007ffcc6410000 - 0x00007ffcc71a7000 	c:\Users\DELL\.vscode\extensions\redhat.java-1.45.0-win32-x64\jre\21.0.8-win32-x86_64\bin\server\jvm.dll
0x00007ffd29c10000 - 0x00007ffd29cc1000 	C:\Windows\System32\ADVAPI32.dll
0x00007ffd29560000 - 0x00007ffd295ff000 	C:\Windows\System32\sechost.dll
0x00007ffd28660000 - 0x00007ffd28780000 	C:\Windows\System32\RPCRT4.dll
0x00007ffd27690000 - 0x00007ffd276b7000 	C:\Windows\System32\bcrypt.dll
0x00007ffd29600000 - 0x00007ffd2966b000 	C:\Windows\System32\WS2_32.dll
0x00007ffd273f0000 - 0x00007ffd2743b000 	C:\Windows\SYSTEM32\POWRPROF.dll
0x00007ffd155a0000 - 0x00007ffd155c7000 	C:\Windows\SYSTEM32\WINMM.dll
0x00007ffd1f260000 - 0x00007ffd1f26a000 	C:\Windows\SYSTEM32\VERSION.dll
0x00007ffd273d0000 - 0x00007ffd273e2000 	C:\Windows\SYSTEM32\UMPDC.dll
0x00007ffd25d70000 - 0x00007ffd25d82000 	C:\Windows\SYSTEM32\kernel.appcore.dll
0x00007ffd23e20000 - 0x00007ffd23e2a000 	c:\Users\DELL\.vscode\extensions\redhat.java-1.45.0-win32-x64\jre\21.0.8-win32-x86_64\bin\jimage.dll
0x00007ffd25290000 - 0x00007ffd25491000 	C:\Windows\SYSTEM32\DBGHELP.DLL
0x00007ffd137b0000 - 0x00007ffd137e4000 	C:\Windows\SYSTEM32\dbgcore.DLL
0x00007ffd27b60000 - 0x00007ffd27be2000 	C:\Windows\System32\bcryptPrimitives.dll
0x00007ffd1f6e0000 - 0x00007ffd1f6ef000 	c:\Users\DELL\.vscode\extensions\redhat.java-1.45.0-win32-x64\jre\21.0.8-win32-x86_64\bin\instrument.dll
0x00007ffd1f200000 - 0x00007ffd1f21f000 	c:\Users\DELL\.vscode\extensions\redhat.java-1.45.0-win32-x64\jre\21.0.8-win32-x86_64\bin\java.dll
0x00007ffd28b70000 - 0x00007ffd292e0000 	C:\Windows\System32\SHELL32.dll
0x00007ffd255b0000 - 0x00007ffd25d55000 	C:\Windows\SYSTEM32\windows.storage.dll
0x00007ffd29670000 - 0x00007ffd299c3000 	C:\Windows\System32\combase.dll
0x00007ffd26e10000 - 0x00007ffd26e3b000 	C:\Windows\SYSTEM32\Wldp.dll
0x00007ffd29490000 - 0x00007ffd2955d000 	C:\Windows\System32\OLEAUT32.dll
0x00007ffd29cd0000 - 0x00007ffd29d7d000 	C:\Windows\System32\SHCORE.dll
0x00007ffd299d0000 - 0x00007ffd29a2b000 	C:\Windows\System32\shlwapi.dll
0x00007ffd274c0000 - 0x00007ffd274e4000 	C:\Windows\SYSTEM32\profapi.dll
0x00007ffd177b0000 - 0x00007ffd177c8000 	c:\Users\DELL\.vscode\extensions\redhat.java-1.45.0-win32-x64\jre\21.0.8-win32-x86_64\bin\zip.dll
0x00007ffd1f5d0000 - 0x00007ffd1f5e0000 	C:\Users\DELL\.vscode\extensions\redhat.java-1.45.0-win32-x64\jre\21.0.8-win32-x86_64\bin\net.dll
0x00007ffd1ec90000 - 0x00007ffd1ed9a000 	C:\Windows\SYSTEM32\WINHTTP.dll
0x00007ffd26bf0000 - 0x00007ffd26c5a000 	C:\Windows\system32\mswsock.dll
0x00007ffd17790000 - 0x00007ffd177a6000 	C:\Users\DELL\.vscode\extensions\redhat.java-1.45.0-win32-x64\jre\21.0.8-win32-x86_64\bin\nio.dll
0x00007ffd1f500000 - 0x00007ffd1f510000 	c:\Users\DELL\.vscode\extensions\redhat.java-1.45.0-win32-x64\jre\21.0.8-win32-x86_64\bin\verify.dll
0x00007ffd17520000 - 0x00007ffd17564000 	C:\Users\DELL\AppData\Roaming\Code\User\globalStorage\redhat.java\1.45.0\config_ss_win\org.eclipse.equinox.launcher\org.eclipse.equinox.launcher.win32.win32.x86_64_1.2.1400.v20250801-0854\eclipse_11916.dll
0x00007ffd29d80000 - 0x00007ffd29eab000 	C:\Windows\System32\ole32.dll
0x00007ffd26e50000 - 0x00007ffd26e68000 	C:\Windows\SYSTEM32\CRYPTSP.dll
0x00007ffd26530000 - 0x00007ffd26568000 	C:\Windows\system32\rsaenh.dll
0x00007ffd27440000 - 0x00007ffd2746e000 	C:\Windows\SYSTEM32\USERENV.dll
0x00007ffd26d80000 - 0x00007ffd26d8c000 	C:\Windows\SYSTEM32\CRYPTBASE.dll
0x00007ffd268f0000 - 0x00007ffd2692b000 	C:\Windows\SYSTEM32\IPHLPAPI.DLL
0x00007ffd29b00000 - 0x00007ffd29b08000 	C:\Windows\System32\NSI.dll
0x00007ffd11580000 - 0x00007ffd115c9000 	C:\Users\DELL\AppData\Local\Temp\jna-2094529\jna17617828606516675084.dll
0x00007ffd29a30000 - 0x00007ffd29a38000 	C:\Windows\System32\PSAPI.DLL
0x00007ffd1d9e0000 - 0x00007ffd1d9f7000 	C:\Windows\SYSTEM32\dhcpcsvc6.DLL
0x00007ffd1f280000 - 0x00007ffd1f29d000 	C:\Windows\SYSTEM32\dhcpcsvc.DLL

JVMTI agents:
c:\Users\DELL\.vscode\extensions\redhat.java-1.45.0-win32-x64\lombok\lombok-1.18.39-4050.jar path:c:\Users\DELL\.vscode\extensions\redhat.java-1.45.0-win32-x64\jre\21.0.8-win32-x86_64\bin\instrument.dll, loaded, initialized, instrumentlib options:none

dbghelp: loaded successfully - version: 4.0.5 - missing functions: none
symbol engine: initialized successfully - sym options: 0x614 - pdb path: .;c:\Users\DELL\.vscode\extensions\redhat.java-1.45.0-win32-x64\jre\21.0.8-win32-x86_64\bin;C:\Windows\SYSTEM32;C:\Windows\WinSxS\amd64_microsoft.windows.common-controls_6595b64144ccf1df_6.0.19041.6280_none_60bc30a171f2f3f3;c:\Users\DELL\.vscode\extensions\redhat.java-1.45.0-win32-x64\jre\21.0.8-win32-x86_64\bin\server;C:\Users\DELL\AppData\Roaming\Code\User\globalStorage\redhat.java\1.45.0\config_ss_win\org.eclipse.equinox.launcher\org.eclipse.equinox.launcher.win32.win32.x86_64_1.2.1400.v20250801-0854;C:\Users\DELL\AppData\Local\Temp\jna-2094529

VM Arguments:
jvm_args: --add-modules=ALL-SYSTEM --add-opens=java.base/java.util=ALL-UNNAMED --add-opens=java.base/java.lang=ALL-UNNAMED --add-opens=java.base/sun.nio.fs=ALL-UNNAMED -Declipse.application=org.eclipse.jdt.ls.core.id1 -Dosgi.bundles.defaultStartLevel=4 -Declipse.product=org.eclipse.jdt.ls.core.product -Djava.import.generatesMetadataFilesAtProjectRoot=false -DDetectVMInstallationsJob.disabled=true -Dfile.encoding=utf8 -XX:+UseParallelGC -XX:GCTimeRatio=4 -XX:AdaptiveSizePolicyWeight=90 -Dsun.zip.disableMemoryMapping=true -Xmx2G -Xms100m -Xlog:disable -javaagent:c:\Users\DELL\.vscode\extensions\redhat.java-1.45.0-win32-x64\lombok\lombok-1.18.39-4050.jar 
java_command: c:\Users\DELL\.vscode\extensions\redhat.java-1.45.0-win32-x64\server\plugins\org.eclipse.equinox.launcher_1.7.0.v20250519-0528.jar -configuration c:\Users\DELL\AppData\Roaming\Code\User\globalStorage\redhat.java\1.45.0\config_ss_win -data c:\Users\DELL\AppData\Roaming\Code\User\workspaceStorage\618d200d35aec88ff6277f0c402ca575\redhat.java\ss_ws --pipe=\\.\pipe\lsp-1d8849fa42be2736333f9b74c0183154-sock
java_class_path (initial): c:\Users\DELL\.vscode\extensions\redhat.java-1.45.0-win32-x64\server\plugins\org.eclipse.equinox.launcher_1.7.0.v20250519-0528.jar
Launcher Type: SUN_STANDARD

[Global flags]
    uintx AdaptiveSizePolicyWeight                 = 90                                        {product} {command line}
     intx CICompilerCount                          = 3                                         {product} {ergonomic}
    uintx GCTimeRatio                              = 4                                         {product} {command line}
   size_t InitialHeapSize                          = 104857600                                 {product} {command line}
   size_t MaxHeapSize                              = 2147483648                                {product} {command line}
   size_t MaxNewSize                               = 715653120                                 {product} {ergonomic}
   size_t MinHeapDeltaBytes                        = 524288                                    {product} {ergonomic}
   size_t MinHeapSize                              = 104857600                                 {product} {command line}
   size_t NewSize                                  = 34603008                                  {product} {ergonomic}
    uintx NonNMethodCodeHeapSize                   = 5832780                                {pd product} {ergonomic}
    uintx NonProfiledCodeHeapSize                  = 122912730                              {pd product} {ergonomic}
   size_t OldSize                                  = 70254592                                  {product} {ergonomic}
    uintx ProfiledCodeHeapSize                     = 122912730                              {pd product} {ergonomic}
    uintx ReservedCodeCacheSize                    = 251658240                              {pd product} {ergonomic}
     bool SegmentedCodeCache                       = true                                      {product} {ergonomic}
   size_t SoftMaxHeapSize                          = 2147483648                             {manageable} {ergonomic}
     bool UseCompressedOops                        = true                           {product lp64_product} {ergonomic}
     bool UseLargePagesIndividualAllocation        = false                                  {pd product} {ergonomic}
     bool UseParallelGC                            = true                                      {product} {command line}

Logging:
Log output configuration:
 #0: stdout all=off uptime,level,tags foldmultilines=false
 #1: stderr all=off uptime,level,tags foldmultilines=false

Environment Variables:
PATH=c:\Users\DELL\AppData\Local\Programs\cursor\resources\app\bin;C:\Windows\system32;C:\Windows;C:\Windows\System32\Wbem;C:\Windows\System32\WindowsPowerShell\v1.0\;C:\Windows\System32\OpenSSH\;C:\ProgramData\chocolatey\bin;C:\Program Files\Dart\dart-sdk\bin;C:\Program Files\dotnet\;C:\Program Files\MongoDB\Server\8.0\bin;C:\Users\DELL\AppData\Local\Microsoft\WindowsApps;C:\Users\DELL\AppData\Roaming\npm;C:\Users\DELL\Downloads\dart-sdk\bin;C:\Users\DELL\Downloads\flutter\bin;c:\Users\DELL\AppData\Local\Programs\cursor\resources\app\bin;C:\Program Files\nodejs\;C:\Program Files\Docker\Docker\resources\bin;C:\Program Files\MySQL\MySQL Server 8.0\bin;C:\Program Files\Git\cmd;C:\Program Files\MySQL\MySQL Shell 8.0\bin\;C:\Users\DELL\AppData\Local\Microsoft\WindowsApps;C:\Users\DELL\AppData\Local\Programs\Microsoft VS Code\bin;C:\Users\DELL\Downloads\dart-sdk\bin;C:\Users\DELL\Downloads\flutter\bin;C:\Users\DELL\AppData\Roaming\npm;C:\Users\DELL\Downloads\jdk-21_windows-x64_bin\jdk-21.0.6\bin
USERNAME=DELL
OS=Windows_NT
PROCESSOR_IDENTIFIER=Intel64 Family 6 Model 94 Stepping 3, GenuineIntel
TMP=C:\Users\DELL\AppData\Local\Temp
TEMP=C:\Users\DELL\AppData\Local\Temp




Periodic native trim disabled

---------------  S Y S T E M  ---------------

OS:
 Windows 10 , 64 bit Build 19041 (10.0.19041.5915)
OS uptime: 1 days 4:20 hours
Hyper-V role detected

CPU: total 4 (initial active 4) (4 cores per cpu, 1 threads per core) family 6 model 94 stepping 3 microcode 0xf0, cx8, cmov, fxsr, mmx, 3dnowpref, sse, sse2, sse3, ssse3, sse4.1, sse4.2, popcnt, lzcnt, tsc, tscinvbit, avx, avx2, aes, erms, clmul, bmi1, bmi2, rtm, adx, fma, vzeroupper, clflush, clflushopt, hv, rdtscp, f16c
Processor Information for the first 4 processors :
  Max Mhz: 2601, Current Mhz: 2601, Mhz Limit: 2601

Memory: 4k page, system-wide physical 8073M (733M free)
TotalPageFile size 32649M (AvailPageFile size 2M)
current process WorkingSet (physical memory assigned to process): 135M, peak: 152M
current process commit charge ("private bytes"): 259M, peak: 278M

vm_info: OpenJDK 64-Bit Server VM (21.0.8+9-LTS) for windows-amd64 JRE (21.0.8+9-LTS), built on 2025-07-15T00:00:00Z by "admin" with MS VC++ 17.7 (VS2022)

END.
